+ . /home/htang2/toolchain-20251006/toolchain.rc
++ ROOT=/home/htang2/toolchain-20251006
++ export PATH=/home/htang2/toolchain-20251006/bin:/home/htang2/toolchain-20251006/opt/cuda/bin:/usr/games:/usr/local/games:/usr/bin:/usr/sbin:/usr/local/bin:/usr/local/sbin
++ PATH=/home/htang2/toolchain-20251006/bin:/home/htang2/toolchain-20251006/opt/cuda/bin:/usr/games:/usr/local/games:/usr/bin:/usr/sbin:/usr/local/bin:/usr/local/sbin
++ export LD_LIBRARY_PATH=/home/htang2/toolchain-20251006/lib:/home/htang2/toolchain-20251006/lib64:/home/htang2/toolchain-20251006/opt/cuda/lib:/home/htang2/toolchain-20251006/opt/cuda/lib64:/home/htang2/toolchain-20251006/opt/cuda/extras/CUPTI/lib64:
++ LD_LIBRARY_PATH=/home/htang2/toolchain-20251006/lib:/home/htang2/toolchain-20251006/lib64:/home/htang2/toolchain-20251006/opt/cuda/lib:/home/htang2/toolchain-20251006/opt/cuda/lib64:/home/htang2/toolchain-20251006/opt/cuda/extras/CUPTI/lib64:
+ source /home/s2283874/ssast/venvssast/bin/activate
++ deactivate nondestructive
++ '[' -n '' ']'
++ '[' -n '' ']'
++ hash -r
++ '[' -n '' ']'
++ unset VIRTUAL_ENV
++ unset VIRTUAL_ENV_PROMPT
++ '[' '!' nondestructive = nondestructive ']'
++ '[' linux-gnu = cygwin ']'
++ '[' linux-gnu = msys ']'
++ export VIRTUAL_ENV=/home/s2283874/ssast/venvssast
++ VIRTUAL_ENV=/home/s2283874/ssast/venvssast
++ _OLD_VIRTUAL_PATH=/home/htang2/toolchain-20251006/bin:/home/htang2/toolchain-20251006/opt/cuda/bin:/usr/games:/usr/local/games:/usr/bin:/usr/sbin:/usr/local/bin:/usr/local/sbin
++ PATH=/home/s2283874/ssast/venvssast/bin:/home/htang2/toolchain-20251006/bin:/home/htang2/toolchain-20251006/opt/cuda/bin:/usr/games:/usr/local/games:/usr/bin:/usr/sbin:/usr/local/bin:/usr/local/sbin
++ export PATH
++ '[' -n '' ']'
++ '[' -z '' ']'
++ _OLD_VIRTUAL_PS1=
++ PS1='(venvssast) '
++ export PS1
++ VIRTUAL_ENV_PROMPT='(venvssast) '
++ export VIRTUAL_ENV_PROMPT
++ hash -r
+ EXP_PATH=./exp/test01-esc50-f10-16-t10-16-b48-lr1e-4-ft_avgtok-tiny-.
+ python src/finetune/esc50/get_esc_result.py --exp_path ./exp/test01-esc50-f10-16-t10-16-b48-lr1e-4-ft_avgtok-tiny-.
python: can't open file '/home/s2283874/ssast/src/finetune/esc50/src/finetune/esc50/get_esc_result.py': [Errno 2] No such file or directory
